<?xml version="1.0" encoding="UTF-8"?>
<!-- Generated by org.testng.reporters.JUnitReportReporter -->
<testsuite skipped="0" hostname="shanky-Latitude-E5470" name="io.javabrains.springbootstarter.HelloWorldRestAssured" tests="1" failures="0" timestamp="20 May 2017 07:17:57 GMT" time="1.868" errors="0">
  <testcase name="makeSureThatGoogleIsUp" time="1.868" classname="io.javabrains.springbootstarter.HelloWorldRestAssured"/>
</testsuite> <!-- io.javabrains.springbootstarter.HelloWorldRestAssured -->
